#
#                              ======================
#                              | THE SUSYHIT OUTPUT |
#                              ======================
#
#
#              ------------------------------------------------------
#              |     This is the output of the SUSY-HIT package     |
#              |  created by A.Djouadi, M.Muehlleitner and M.Spira. |
#              |  In case of problems with SUSY-HIT email to        |
#              |           margarete.muehlleitner@kit.edu           |
#              |           michael.spira@psi.ch                     |
#              |           abdelhak.djouadi@cern.ch                 |
#              ------------------------------------------------------
#
#              ------------------------------------------------------
#              |  SUSY Les Houches Accord - MSSM Spectrum + Decays  |
#              |              based on the decay programs           |
#              |                                                    |
#              |                     SDECAY 1.5a                    |
#              |                                                    |
#              |  Authors: M.Muhlleitner, A.Djouadi and Y.Mambrini  |
#              |  Ref.:    Comput.Phys.Commun.168(2005)46           |
#              |           [hep-ph/0311167]                         |
#              |                                                    |
#              |                     HDECAY 3.4                     |
#              |                                                    |
#              |  By: A.Djouadi,J.Kalinowski,M.Muhlleitner,M.Spira  |
#              |  Ref.:    Comput.Phys.Commun.108(1998)56           |
#              |           [hep-ph/9704448]                         |
#              |                                                    |
#              |                                                    |
#              |  If not stated otherwise all DRbar couplings and   |
#              |  soft SUSY breaking masses are given at the scale  |
#              |  Q=  0.91187600E+02
#              |                                                    |
#              ------------------------------------------------------
#
#
BLOCK DCINFO  # Decay Program information
     1   SDECAY/HDECAY # decay calculator
     2   1.5a /3.4    # version number
#
BLOCK SPINFO  # Spectrum calculator information
     1    SOFTSUSY    # spectrum calculator                
     2    3.5.2       # version number                     
#
BLOCK MODSEL  # Model selection
     1     0   #  nonUniversal                                     
#
BLOCK SMINPUTS  # Standard Model inputs
         1     1.27934000E+02   # alpha_em^-1(M_Z)^MSbar
         2     1.16637000E-05   # G_F [GeV^-2]
         3     1.17200000E-01   # alpha_S(M_Z)^MSbar
         4     9.11876000E+01   # M_Z pole mass
         5     4.25000000E+00   # mb(mb)^MSbar
         6     1.73200000E+02   # mt pole mass
         7     1.77700000E+00   # mtau pole mass
#
BLOCK MINPAR  # Input parameters - minimal models
         3     2.00000000E+01   # tanb                
         4    -1.00000000E+00   # sign(mu)            
#
BLOCK EXTPAR  # Input parameters - non-minimal models
         0     1.00000000E+15   # MX                  
         1     9.50000000E+02   # M_1(MX)             
         2     1.72500000E+03   # M_2(MX)             
         3     2.50000000E+03   # M_3(MX)             
        11     0.00000000E+00   # At(MX)              
        12     0.00000000E+00   # Ab(MX)              
        13     0.00000000E+00   # Atau(MX)            
        21     7.20000000E+07   # mHd^2(MX)           
        22     7.20000000E+07   # mHu^2(MX)           
        25     2.00000000E+01   # tan                 
        31     8.48528137E+03   # meL(MX)             
        32     8.48528137E+03   # mmuL(MX)            
        33     8.48528137E+03   # mtauL(MX)           
        34     1.03923049E+04   # meR(MX)             
        35     1.03923049E+04   # mmuR(MX)            
        36     1.03923049E+04   # mtauR(MX)           
        41     1.00000000E+04   # mqL1(MX)            
        42     1.00000000E+04   # mqL2(MX)            
        43     1.00000000E+04   # mqL3(MX)            
        44     1.00000000E+04   # muR(MX)             
        45     1.00000000E+04   # mcR(MX)             
        46     1.00000000E+04   # mtR(MX)             
        47     8.00000000E+03   # mdR(MX)             
        48     8.00000000E+03   # msR(MX)             
        49     8.00000000E+03   # mbR(MX)             
#
BLOCK MASS  # Mass Spectrum
# PDG code           mass       particle
        24     8.03916485E+01   # W+
        25     1.26055178E+02   # h
        35     8.30653675E+03   # H
        36     8.30651809E+03   # A
        37     8.30677624E+03   # H+
         5     4.87877998E+00   # b-quark pole mass calculated from mb(mb)_Msbar
   1000001     1.08725807E+04   # ~d_L
   2000001     8.97230005E+03   # ~d_R
   1000002     1.08725276E+04   # ~u_L
   2000002     1.08075170E+04   # ~u_R
   1000003     1.08725807E+04   # ~s_L
   2000003     8.97230005E+03   # ~s_R
   1000004     1.08725276E+04   # ~c_L
   2000004     1.08075170E+04   # ~c_R
   1000005     8.45715396E+03   # ~b_1
   2000005     9.19720309E+03   # ~b_2
   1000006     7.70015190E+03   # ~t_1
   2000006     9.19835431E+03   # ~t_2
   1000011     8.56449018E+03   # ~e_L
   2000011     1.04101304E+04   # ~e_R
   1000012     8.56377812E+03   # ~nu_eL
   1000013     8.56449018E+03   # ~mu_L
   2000013     1.04101304E+04   # ~mu_R
   1000014     8.56377812E+03   # ~nu_muL
   1000015     8.33583765E+03   # ~tau_1
   2000015     1.00307950E+04   # ~tau_2
   1000016     8.33516307E+03   # ~nu_tauL
   1000021     5.30373727E+03   # ~g
   1000022     4.69284123E+02   # ~chi_10
   1000023     1.51078478E+03   # ~chi_20
   1000025    -3.75456411E+03   # ~chi_30
   1000035     3.75518397E+03   # ~chi_40
   1000024     1.51094938E+03   # ~chi_1+
   1000037     3.75589968E+03   # ~chi_2+
   1000039     1.00000000E-08   # ~gravitino
#
BLOCK NMIX  # Neutralino Mixing Matrix
  1  1     9.99927276E-01   # N_11
  1  2    -3.47022715E-05   # N_12
  1  3    -1.20150903E-02   # N_13
  1  4    -1.03875932E-03   # N_14
  2  1     3.33814956E-04   # N_21
  2  2     9.99670706E-01   # N_22
  2  3     2.41424083E-02   # N_23
  2  4     8.68980828E-03   # N_24
  3  1    -7.75992995E-03   # N_31
  3  2     1.09293411E-02   # N_32
  3  3    -7.06966962E-01   # N_33
  3  4     7.07119543E-01   # N_34
  4  1     9.22576151E-03   # N_41
  4  2    -2.32169846E-02   # N_42
  4  3     7.06732267E-01   # N_43
  4  4     7.07039858E-01   # N_44
#
BLOCK UMIX  # Chargino Mixing Matrix U
  1  1     9.99416280E-01   # U_11
  1  2     3.41628250E-02   # U_12
  2  1    -3.41628250E-02   # U_21
  2  2     9.99416280E-01   # U_22
#
BLOCK VMIX  # Chargino Mixing Matrix V
  1  1     9.99923472E-01   # V_11
  1  2    -1.23713387E-02   # V_12
  2  1    -1.23713387E-02   # V_21
  2  2    -9.99923472E-01   # V_22
#
BLOCK STOPMIX  # Stop Mixing Matrix
  1  1     1.86947126E-02   # cos(theta_t)
  1  2     9.99825239E-01   # sin(theta_t)
  2  1    -9.99825239E-01   # -sin(theta_t)
  2  2     1.86947126E-02   # cos(theta_t)
#
BLOCK SBOTMIX  # Sbottom Mixing Matrix
  1  1    -1.54602105E-02   # cos(theta_b)
  1  2     9.99880484E-01   # sin(theta_b)
  2  1    -9.99880484E-01   # -sin(theta_b)
  2  2    -1.54602105E-02   # cos(theta_b)
#
BLOCK STAUMIX  # Stau Mixing Matrix
  1  1     9.99987642E-01   # cos(theta_tau)
  1  2    -4.97150352E-03   # sin(theta_tau)
  2  1     4.97150352E-03   # -sin(theta_tau)
  2  2     9.99987642E-01   # cos(theta_tau)
#
BLOCK ALPHA  # Higgs mixing
          -4.15925244E-02   # Mixing angle in the neutral Higgs boson sector
#
BLOCK HMIX Q=  9.11876000E+01  # DRbar Higgs Parameters
         1    -3.57883421E+03   # mu(Q)MSSM           
         2     2.51991736E+01   # tan                 
         3     2.51734228E+02   # higgs               
         4     2.51818514E+07   # mA^2(Q)MSSM         
#
BLOCK GAUGE Q=  9.11876000E+01  # The gauge couplings
     1     3.51974916E-01   # gprime(Q) DRbar
     2     6.25475657E-01   # g(Q) DRbar
     3     1.05439734E+00   # g3(Q) DRbar
#
BLOCK AU Q=  9.11876000E+01  # The trilinear couplings
  1  1    -5.25582122E+03   # A_u(Q) DRbar
  2  2    -5.25576103E+03   # A_c(Q) DRbar
  3  3    -3.99239149E+03   # A_t(Q) DRbar
#
BLOCK AD Q=  9.11876000E+01  # The trilinear couplings
  1  1    -6.14317482E+03   # A_d(Q) DRbar
  2  2    -6.14304993E+03   # A_s(Q) DRbar
  3  3    -5.50877039E+03   # A_b(Q) DRbar
#
BLOCK AE Q=  9.11876000E+01  # The trilinear couplings
  1  1    -6.43352374E+02   # A_e(Q) DRbar
  2  2    -6.43262859E+02   # A_mu(Q) DRbar
  3  3    -6.17494808E+02   # A_tau(Q) DRbar
#
BLOCK Yu Q=  9.11876000E+01  # The Yukawa couplings
  1  1     0.00000000E+00   # y_u(Q) DRbar
  2  2     0.00000000E+00   # y_c(Q) DRbar
  3  3     8.58848829E-01   # y_t(Q) DRbar
#
BLOCK Yd Q=  9.11876000E+01  # The Yukawa couplings
  1  1     0.00000000E+00   # y_d(Q) DRbar
  2  2     0.00000000E+00   # y_s(Q) DRbar
  3  3     3.86344479E-01   # y_b(Q) DRbar
#
BLOCK Ye Q=  9.11876000E+01  # The Yukawa couplings
  1  1     0.00000000E+00   # y_e(Q) DRbar
  2  2     0.00000000E+00   # y_mu(Q) DRbar
  3  3     2.50230739E-01   # y_tau(Q) DRbar
#
BLOCK MSOFT Q=  9.11876000E+01  # The soft SUSY breaking masses at the scale Q
         1     4.27167406E+02   # M_1(Q)              
         2     1.35616414E+03   # M_2(Q)              
         3     5.48046322E+03   # M_3(Q)              
        21     4.92925559E+07   # M^2_Hd              
        22    -2.83198513E+07   # M^2_Hu              
        31     8.55540949E+03   # M_eL                
        32     8.55449298E+03   # M_muL               
        33     8.28652430E+03   # M_tauL              
        34     1.03988564E+04   # M_eR                
        35     1.03973483E+04   # M_muR               
        36     9.95384957E+03   # M_tauR              
        41     1.11129920E+04   # M_q1L               
        42     1.11128293E+04   # M_q2L               
        43     9.18610175E+03   # M_q3L               
        44     1.10619438E+04   # M_uR                
        45     1.10618905E+04   # M_cR                
        46     7.49146017E+03   # M_tR                
        47     9.29191580E+03   # M_dR                
        48     9.29159003E+03   # M_sR                
        49     8.62299679E+03   # M_bR                
#
#
#
#                             =================
#                             |The decay table|
#                             =================
#
# - The QCD corrections to the decays gluino -> squark  + quark
#                                     squark -> gaugino + quark_prime
#                                     squark -> squark_prime + Higgs
#                                     squark -> gluino  + quark
#   are included.
#
# - The multi-body decays for the inos, stops and sbottoms are included.
#
# - The loop induced decays for the gluino, neutralinos and stops
#   are included.
#
# - The SUSY decays of the top quark are included.
#
# - Possible decays of the NLSP in GMSB models are included.
#
#
#         PDG            Width
DECAY         6     1.37774350E+00   # top decays
#          BR         NDA      ID1       ID2
     1.00000000E+00    2           5        24   # BR(t ->  b    W+)
#
#         PDG            Width
DECAY   1000021     2.28384475E-02   # gluino decays
#          BR         NDA      ID1       ID2
     1.22969961E-07    2     1000022        21   # BR(~g -> ~chi_10 g)
     9.41026062E-07    2     1000023        21   # BR(~g -> ~chi_20 g)
     5.46457239E-04    2     1000025        21   # BR(~g -> ~chi_30 g)
     6.18290214E-04    2     1000035        21   # BR(~g -> ~chi_40 g)
#          BR         NDA      ID1       ID2
     2.11558189E-03    2     1000039        21   # BR(~g -> ~G      g)
#           BR         NDA      ID1       ID2       ID3
     1.49956591E-02    3     1000022         1        -1   # BR(~g -> ~chi_10 d  db)
     2.85199232E-02    3     1000023         1        -1   # BR(~g -> ~chi_20 d  db)
     6.74742153E-08    3     1000025         1        -1   # BR(~g -> ~chi_30 d  db)
     7.18060937E-07    3     1000035         1        -1   # BR(~g -> ~chi_40 d  db)
     2.45906619E-02    3     1000022         2        -2   # BR(~g -> ~chi_10 u  ub)
     2.85276990E-02    3     1000023         2        -2   # BR(~g -> ~chi_20 u  ub)
     4.77465261E-08    3     1000025         2        -2   # BR(~g -> ~chi_30 u  ub)
     5.60803965E-07    3     1000035         2        -2   # BR(~g -> ~chi_40 u  ub)
     1.49956591E-02    3     1000022         3        -3   # BR(~g -> ~chi_10 s  sb)
     2.85199232E-02    3     1000023         3        -3   # BR(~g -> ~chi_20 s  sb)
     6.74742153E-08    3     1000025         3        -3   # BR(~g -> ~chi_30 s  sb)
     7.18060937E-07    3     1000035         3        -3   # BR(~g -> ~chi_40 s  sb)
     2.45906619E-02    3     1000022         4        -4   # BR(~g -> ~chi_10 c  cb)
     2.85276990E-02    3     1000023         4        -4   # BR(~g -> ~chi_20 c  cb)
     4.77465261E-08    3     1000025         4        -4   # BR(~g -> ~chi_30 c  cb)
     5.60803965E-07    3     1000035         4        -4   # BR(~g -> ~chi_40 c  cb)
     2.11032257E-02    3     1000022         5        -5   # BR(~g -> ~chi_10 b  bb)
     6.20416450E-02    3     1000023         5        -5   # BR(~g -> ~chi_20 b  bb)
     2.53739550E-03    3     1000025         5        -5   # BR(~g -> ~chi_30 b  bb)
     2.53172188E-03    3     1000035         5        -5   # BR(~g -> ~chi_40 b  bb)
     1.15256059E-01    3     1000022         6        -6   # BR(~g -> ~chi_10 t  tb)
     5.96244363E-02    3     1000023         6        -6   # BR(~g -> ~chi_20 t  tb)
     1.49076986E-02    3     1000025         6        -6   # BR(~g -> ~chi_30 t  tb)
     1.60982165E-02    3     1000035         6        -6   # BR(~g -> ~chi_40 t  tb)
     5.70416536E-02    3     1000024         1        -2   # BR(~g -> ~chi_1+ d  ub)
     5.70416536E-02    3    -1000024         2        -1   # BR(~g -> ~chi_1- u  db)
     1.27644614E-06    3     1000037         1        -2   # BR(~g -> ~chi_2+ d  ub)
     1.27644614E-06    3    -1000037         2        -1   # BR(~g -> ~chi_2- u  db)
     5.70416536E-02    3     1000024         3        -4   # BR(~g -> ~chi_1+ s  cb)
     5.70416536E-02    3    -1000024         4        -3   # BR(~g -> ~chi_1- c  sb)
     1.27644614E-06    3     1000037         3        -4   # BR(~g -> ~chi_2+ s  cb)
     1.27644614E-06    3    -1000037         4        -3   # BR(~g -> ~chi_2- c  sb)
     1.21716266E-01    3     1000024         5        -6   # BR(~g -> ~chi_1+ b  tb)
     1.21716266E-01    3    -1000024         6        -5   # BR(~g -> ~chi_1- t  bb)
     1.88716409E-02    3     1000037         5        -6   # BR(~g -> ~chi_2+ b  tb)
     1.88716409E-02    3    -1000037         6        -5   # BR(~g -> ~chi_2- t  bb)
#
#         PDG            Width
DECAY   1000006     2.12887720E+02   # stop1 decays
#          BR         NDA      ID1       ID2
     7.49206332E-02    2     1000022         6   # BR(~t_1 -> ~chi_10 t )
     2.65172292E-05    2     1000023         6   # BR(~t_1 -> ~chi_20 t )
     9.92523548E-02    2     1000025         6   # BR(~t_1 -> ~chi_30 t )
     9.92123621E-02    2     1000035         6   # BR(~t_1 -> ~chi_40 t )
     5.37479777E-05    2     1000024         5   # BR(~t_1 -> ~chi_1+ b )
     1.98523339E-01    2     1000037         5   # BR(~t_1 -> ~chi_2+ b )
     5.28011046E-01    2     1000021         6   # BR(~t_1 -> ~g      t )
#
#         PDG            Width
DECAY   2000006     3.78607867E+02   # stop2 decays
#          BR         NDA      ID1       ID2
     3.16175232E-03    2     1000022         6   # BR(~t_2 -> ~chi_10 t )
     8.58664986E-02    2     1000023         6   # BR(~t_2 -> ~chi_20 t )
     8.15996416E-02    2     1000025         6   # BR(~t_2 -> ~chi_30 t )
     8.16109861E-02    2     1000035         6   # BR(~t_2 -> ~chi_40 t )
     1.71918010E-01    2     1000024         5   # BR(~t_2 -> ~chi_1+ b )
     3.27193463E-02    2     1000037         5   # BR(~t_2 -> ~chi_2+ b )
     5.34799729E-01    2     1000021         6   # BR(~t_2 -> ~g      t )
    -8.44862020E-06    2     1000006        25   # BR(~t_2 -> ~t_1    h )
     6.99616903E-03    2     1000006        23   # BR(~t_2 -> ~t_1    Z )
     1.33631588E-03    2     1000005        24   # BR(~t_2 -> ~b_1    W+)
#
#         PDG            Width
DECAY   1000005     1.84136532E+02   # sbottom1 decays
#          BR         NDA      ID1       ID2
     2.39276137E-02    2     1000022         5   # BR(~b_1 -> ~chi_10 b )
     1.47597045E-04    2     1000023         5   # BR(~b_1 -> ~chi_20 b )
     2.84327234E-02    2     1000025         5   # BR(~b_1 -> ~chi_30 b )
     2.83902392E-02    2     1000035         5   # BR(~b_1 -> ~chi_40 b )
     2.95216854E-04    2    -1000024         6   # BR(~b_1 -> ~chi_1- t )
     5.66940041E-02    2    -1000037         6   # BR(~b_1 -> ~chi_2- t )
     8.62111653E-01    2     1000021         5   # BR(~b_1 -> ~g      b )
     9.52739761E-07    2     1000006       -24   # BR(~b_1 -> ~t_1    W-)
#
#         PDG            Width
DECAY   2000005     3.80939146E+02   # sbottom2 decays
#          BR         NDA      ID1       ID2
     3.14899408E-03    2     1000022         5   # BR(~b_2 -> ~chi_10 b )
     8.53159273E-02    2     1000023         5   # BR(~b_2 -> ~chi_20 b )
     1.63044575E-02    2     1000025         5   # BR(~b_2 -> ~chi_30 b )
     1.63313598E-02    2     1000035         5   # BR(~b_2 -> ~chi_40 b )
     1.70443768E-01    2    -1000024         6   # BR(~b_2 -> ~chi_1- t )
     1.62388223E-01    2    -1000037         6   # BR(~b_2 -> ~chi_2- t )
     5.31592370E-01    2     1000021         5   # BR(~b_2 -> ~g      b )
     4.98875574E-04    2     1000005        25   # BR(~b_2 -> ~b_1    h )
     7.32418230E-04    2     1000005        23   # BR(~b_2 -> ~b_1    Z )
     1.32436070E-02    2     1000006       -24   # BR(~b_2 -> ~t_1    W-)
#
#         PDG            Width
DECAY   1000002     4.17772859E+02   # sup_L decays
#          BR         NDA      ID1       ID2
     3.41315331E-03    2     1000022         2   # BR(~u_L -> ~chi_10 u)
     9.37708720E-02    2     1000023         2   # BR(~u_L -> ~chi_20 u)
     6.80620729E-06    2     1000025         2   # BR(~u_L -> ~chi_30 u)
     3.50067097E-05    2     1000035         2   # BR(~u_L -> ~chi_40 u)
     1.87611517E-01    2     1000024         1   # BR(~u_L -> ~chi_1+ d)
     2.32081816E-05    2     1000037         1   # BR(~u_L -> ~chi_2+ d)
     7.15139437E-01    2     1000021         2   # BR(~u_L -> ~g      u)
#
#         PDG            Width
DECAY   2000002     3.17431221E+02   # sup_R decays
#          BR         NDA      ID1       ID2
     7.14582558E-02    2     1000022         2   # BR(~u_R -> ~chi_10 u)
     7.69535824E-09    2     1000023         2   # BR(~u_R -> ~chi_20 u)
     3.35195687E-06    2     1000025         2   # BR(~u_R -> ~chi_30 u)
     4.73748844E-06    2     1000035         2   # BR(~u_R -> ~chi_40 u)
     9.28533647E-01    2     1000021         2   # BR(~u_R -> ~g      u)
#
#         PDG            Width
DECAY   1000001     4.17759873E+02   # sdown_L decays
#          BR         NDA      ID1       ID2
     3.41580350E-03    2     1000022         1   # BR(~d_L -> ~chi_10 d)
     9.37507963E-02    2     1000023         1   # BR(~d_L -> ~chi_20 d)
     1.16322720E-05    2     1000025         1   # BR(~d_L -> ~chi_30 d)
     4.71947917E-05    2     1000035         1   # BR(~d_L -> ~chi_40 d)
     1.87428068E-01    2    -1000024         2   # BR(~d_L -> ~chi_1- u)
     1.76983208E-04    2    -1000037         2   # BR(~d_L -> ~chi_2- u)
     7.15169522E-01    2     1000021         1   # BR(~d_L -> ~g      d)
#
#         PDG            Width
DECAY   2000001     1.84376549E+02   # sdown_R decays
#          BR         NDA      ID1       ID2
     2.53793270E-02    2     1000022         1   # BR(~d_R -> ~chi_10 d)
     2.69072267E-09    2     1000023         1   # BR(~d_R -> ~chi_20 d)
     1.05205754E-06    2     1000025         1   # BR(~d_R -> ~chi_30 d)
     1.48685293E-06    2     1000035         1   # BR(~d_R -> ~chi_40 d)
     9.74618131E-01    2     1000021         1   # BR(~d_R -> ~g      d)
#
#         PDG            Width
DECAY   1000004     4.17772859E+02   # scharm_L decays
#          BR         NDA      ID1       ID2
     3.41315331E-03    2     1000022         4   # BR(~c_L -> ~chi_10 c)
     9.37708720E-02    2     1000023         4   # BR(~c_L -> ~chi_20 c)
     6.80620729E-06    2     1000025         4   # BR(~c_L -> ~chi_30 c)
     3.50067097E-05    2     1000035         4   # BR(~c_L -> ~chi_40 c)
     1.87611517E-01    2     1000024         3   # BR(~c_L -> ~chi_1+ s)
     2.32081816E-05    2     1000037         3   # BR(~c_L -> ~chi_2+ s)
     7.15139437E-01    2     1000021         4   # BR(~c_L -> ~g      c)
#
#         PDG            Width
DECAY   2000004     3.17431221E+02   # scharm_R decays
#          BR         NDA      ID1       ID2
     7.14582558E-02    2     1000022         4   # BR(~c_R -> ~chi_10 c)
     7.69535824E-09    2     1000023         4   # BR(~c_R -> ~chi_20 c)
     3.35195687E-06    2     1000025         4   # BR(~c_R -> ~chi_30 c)
     4.73748844E-06    2     1000035         4   # BR(~c_R -> ~chi_40 c)
     9.28533647E-01    2     1000021         4   # BR(~c_R -> ~g      c)
#
#         PDG            Width
DECAY   1000003     4.17759873E+02   # sstrange_L decays
#          BR         NDA      ID1       ID2
     3.41580350E-03    2     1000022         3   # BR(~s_L -> ~chi_10 s)
     9.37507963E-02    2     1000023         3   # BR(~s_L -> ~chi_20 s)
     1.16322720E-05    2     1000025         3   # BR(~s_L -> ~chi_30 s)
     4.71947917E-05    2     1000035         3   # BR(~s_L -> ~chi_40 s)
     1.87428068E-01    2    -1000024         4   # BR(~s_L -> ~chi_1- c)
     1.76983208E-04    2    -1000037         4   # BR(~s_L -> ~chi_2- c)
     7.15169522E-01    2     1000021         3   # BR(~s_L -> ~g      s)
#
#         PDG            Width
DECAY   2000003     1.84376549E+02   # sstrange_R decays
#          BR         NDA      ID1       ID2
     2.53793270E-02    2     1000022         3   # BR(~s_R -> ~chi_10 s)
     2.69072267E-09    2     1000023         3   # BR(~s_R -> ~chi_20 s)
     1.05205754E-06    2     1000025         3   # BR(~s_R -> ~chi_30 s)
     1.48685293E-06    2     1000035         3   # BR(~s_R -> ~chi_40 s)
     9.74618131E-01    2     1000021         3   # BR(~s_R -> ~g      s)
#
#         PDG            Width
DECAY   1000011     1.04325297E+02   # selectron_L decays
#          BR         NDA      ID1       ID2
     1.00532608E-01    2     1000022        11   # BR(~e_L -> ~chi_10 e-)
     2.99814323E-01    2     1000023        11   # BR(~e_L -> ~chi_20 e-)
     8.97858702E-06    2     1000025        11   # BR(~e_L -> ~chi_30 e-)
     6.77263780E-05    2     1000035        11   # BR(~e_L -> ~chi_40 e-)
     5.99089902E-01    2    -1000024        12   # BR(~e_L -> ~chi_1- nu_e)
     4.86461901E-04    2    -1000037        12   # BR(~e_L -> ~chi_2- nu_e)
#
#         PDG            Width
DECAY   2000011     5.11043256E+01   # selectron_R decays
#          BR         NDA      ID1       ID2
     9.99889466E-01    2     1000022        11   # BR(~e_R -> ~chi_10 e-)
     1.07227041E-07    2     1000023        11   # BR(~e_R -> ~chi_20 e-)
     4.57569904E-05    2     1000025        11   # BR(~e_R -> ~chi_30 e-)
     6.46700814E-05    2     1000035        11   # BR(~e_R -> ~chi_40 e-)
#
#         PDG            Width
DECAY   1000013     1.04325297E+02   # smuon_L decays
#          BR         NDA      ID1       ID2
     1.00532608E-01    2     1000022        13   # BR(~mu_L -> ~chi_10 mu-)
     2.99814323E-01    2     1000023        13   # BR(~mu_L -> ~chi_20 mu-)
     8.97858702E-06    2     1000025        13   # BR(~mu_L -> ~chi_30 mu-)
     6.77263780E-05    2     1000035        13   # BR(~mu_L -> ~chi_40 mu-)
     5.99089902E-01    2    -1000024        14   # BR(~mu_L -> ~chi_1- nu_mu)
     4.86461901E-04    2    -1000037        14   # BR(~mu_L -> ~chi_2- nu_mu)
#
#         PDG            Width
DECAY   2000013     5.11043256E+01   # smuon_R decays
#          BR         NDA      ID1       ID2
     9.99889466E-01    2     1000022        13   # BR(~mu_R -> ~chi_10 mu-)
     1.07227041E-07    2     1000023        13   # BR(~mu_R -> ~chi_20 mu-)
     4.57569904E-05    2     1000025        13   # BR(~mu_R -> ~chi_30 mu-)
     6.46700814E-05    2     1000035        13   # BR(~mu_R -> ~chi_40 mu-)
#
#         PDG            Width
DECAY   1000015     1.07812744E+02   # stau_1 decays
#          BR         NDA      ID1       ID2
     9.46838670E-02    2     1000022        15   # BR(~tau_1 -> ~chi_10  tau-)
     2.81447274E-01    2     1000023        15   # BR(~tau_1 -> ~chi_20  tau-)
     3.05843938E-02    2     1000025        15   # BR(~tau_1 -> ~chi_30  tau-)
     3.06021059E-02    2     1000035        15   # BR(~tau_1 -> ~chi_40  tau-)
     5.62282369E-01    2    -1000024        16   # BR(~tau_1 -> ~chi_1-  nu_tau)
     3.95691881E-04    2    -1000037        16   # BR(~tau_1 -> ~chi_2-  nu_tau)
     4.29796176E-06    2     1000039        15   # BR(~tau_1 -> ~G       tau-)
#
#         PDG            Width
DECAY   2000015     6.86174215E+01   # stau_2 decays
#          BR         NDA      ID1       ID2
     7.17320065E-01    2     1000022        15   # BR(~tau_2 -> ~chi_10  tau-)
     4.11229239E-05    2     1000023        15   # BR(~tau_2 -> ~chi_20  tau-)
     6.73563902E-02    2     1000025        15   # BR(~tau_2 -> ~chi_30  tau-)
     6.73384589E-02    2     1000035        15   # BR(~tau_2 -> ~chi_40  tau-)
     8.22266544E-05    2    -1000024        16   # BR(~tau_2 -> ~chi_1-  nu_tau)
     1.34572178E-01    2    -1000037        16   # BR(~tau_2 -> ~chi_2-  nu_tau)
     6.46831600E-03    2     1000016       -24   # BR(~tau_2 -> ~nu_tauL W-)
     3.51845833E-03    2     1000015        25   # BR(~tau_2 -> ~tau_1   h)
     3.30278464E-03    2     1000015        23   # BR(~tau_2 -> ~tau_1   Z)
#
#         PDG            Width
DECAY   1000012     1.04328688E+02   # snu_eL decays
#          BR         NDA      ID1       ID2
     1.00545682E-01    2     1000022        12   # BR(~nu_eL -> ~chi_10 nu_e)
     2.99551212E-01    2     1000023        12   # BR(~nu_eL -> ~chi_20 nu_e)
     4.87680187E-05    2     1000025        12   # BR(~nu_eL -> ~chi_30 nu_e)
     1.68192075E-04    2     1000035        12   # BR(~nu_eL -> ~chi_40 nu_e)
     5.99622365E-01    2     1000024        11   # BR(~nu_eL -> ~chi_1+ e-)
     6.37808136E-05    2     1000037        11   # BR(~nu_eL -> ~chi_2+ e-)
#
#         PDG            Width
DECAY   1000014     1.04328688E+02   # snu_muL decays
#          BR         NDA      ID1       ID2
     1.00545682E-01    2     1000022        14   # BR(~nu_muL -> ~chi_10 nu_mu)
     2.99551212E-01    2     1000023        14   # BR(~nu_muL -> ~chi_20 nu_mu)
     4.87680187E-05    2     1000025        14   # BR(~nu_muL -> ~chi_30 nu_mu)
     1.68192075E-04    2     1000035        14   # BR(~nu_muL -> ~chi_40 nu_mu)
     5.99622365E-01    2     1000024        13   # BR(~nu_muL -> ~chi_1+ mu-)
     6.37808136E-05    2     1000037        13   # BR(~nu_muL -> ~chi_2+ mu-)
#
#         PDG            Width
DECAY   1000016     1.07811737E+02   # snu_tauL decays
#          BR         NDA      ID1       ID2
     9.46682459E-02    2     1000022        16   # BR(~nu_tauL -> ~chi_10 nu_tau)
     2.81128305E-01    2     1000023        16   # BR(~nu_tauL -> ~chi_20 nu_tau)
     4.47251219E-05    2     1000025        16   # BR(~nu_tauL -> ~chi_30 nu_tau)
     1.54247164E-04    2     1000035        16   # BR(~nu_tauL -> ~chi_40 nu_tau)
     5.62850430E-01    2     1000024        15   # BR(~nu_tauL -> ~chi_1+ tau-)
     6.11540465E-02    2     1000037        15   # BR(~nu_tauL -> ~chi_2+ tau-)
#
#         PDG            Width
DECAY   1000024     1.64405387E-04   # chargino1+ decays
#          BR         NDA      ID1       ID2
     9.99455112E-01    2     1000022        24   # BR(~chi_1+ -> ~chi_10  W+)
     5.44888301E-04    2     1000039        24   # BR(~chi_1+ -> ~G       W+)
#
#         PDG            Width
DECAY   1000037     2.14239541E+01   # chargino2+ decays
#          BR         NDA      ID1       ID2
     2.95460274E-01    2     1000024        23   # BR(~chi_2+ -> ~chi_1+  Z )
     1.03144086E-01    2     1000022        24   # BR(~chi_2+ -> ~chi_10  W+)
     2.89812360E-01    2     1000023        24   # BR(~chi_2+ -> ~chi_20  W+)
     3.11583080E-01    2     1000024        25   # BR(~chi_2+ -> ~chi_1+  h )
     2.00710032E-07    2     1000039        24   # BR(~chi_2+ -> ~G       W+)
#
#         PDG            Width
DECAY   1000022     2.53008702E-10   # neutralino1 decays
#          BR         NDA      ID1       ID2
     7.86455617E-01    2     1000039        22   # BR(~chi_10 -> ~G        gam)
     2.13543475E-01    2     1000039        23   # BR(~chi_10 -> ~G        Z)
     9.07218559E-07    2     1000039        25   # BR(~chi_10 -> ~G        h)
#
#         PDG            Width
DECAY   1000023     1.68671861E-04   # neutralino2 decays
#          BR         NDA      ID1       ID2
     3.69780733E-01    2     1000022        23   # BR(~chi_20 -> ~chi_10   Z )
     6.29688544E-01    2     1000022        25   # BR(~chi_20 -> ~chi_10   h )
     1.29205835E-04    2     1000039        22   # BR(~chi_20 -> ~G        gam)
     4.01492933E-04    2     1000039        23   # BR(~chi_20 -> ~G        Z)
     2.44941474E-08    2     1000039        25   # BR(~chi_20 -> ~G        h)
#
#         PDG            Width
DECAY   1000025     2.10024509E+01   # neutralino3 decays
#          BR         NDA      ID1       ID2
     6.30493255E-02    2     1000022        23   # BR(~chi_30 -> ~chi_10   Z )
     2.45773633E-01    2     1000023        23   # BR(~chi_30 -> ~chi_20   Z )
     2.95138027E-01    2     1000024       -24   # BR(~chi_30 -> ~chi_1+   W-)
     2.95138027E-01    2    -1000024        24   # BR(~chi_30 -> ~chi_1-   W+)
     4.48401651E-02    2     1000022        25   # BR(~chi_30 -> ~chi_10   h )
     5.60606195E-02    2     1000023        25   # BR(~chi_30 -> ~chi_20   h )
     8.04818458E-13    2     1000039        22   # BR(~chi_30 -> ~G        gam)
     1.10164740E-07    2     1000039        23   # BR(~chi_30 -> ~G        Z)
     9.33352385E-08    2     1000039        25   # BR(~chi_30 -> ~G        h)
#
#         PDG            Width
DECAY   1000035     2.11872164E+01   # neutralino4 decays
#          BR         NDA      ID1       ID2
     4.42173486E-02    2     1000022        23   # BR(~chi_40 -> ~chi_10   Z )
     5.41552386E-02    2     1000023        23   # BR(~chi_40 -> ~chi_20   Z )
     2.89960724E-01    2     1000024       -24   # BR(~chi_40 -> ~chi_1+   W-)
     2.89960724E-01    2    -1000024        24   # BR(~chi_40 -> ~chi_1-   W+)
     6.22276090E-02    2     1000022        25   # BR(~chi_40 -> ~chi_10   h )
     2.59478152E-01    2     1000023        25   # BR(~chi_40 -> ~chi_20   h )
     4.54220931E-12    2     1000039        22   # BR(~chi_40 -> ~G        gam)
     9.34151724E-08    2     1000039        23   # BR(~chi_40 -> ~G        Z)
     1.09349500E-07    2     1000039        25   # BR(~chi_40 -> ~G        h)
#
#         PDG            Width
DECAY        25                NaN   # h decays
#          BR         NDA      ID1       ID2
                NaN    2           5        -5   # BR(h -> b       bb     )
                NaN    2         -15        15   # BR(h -> tau+    tau-   )
                NaN    2         -13        13   # BR(h -> mu+     mu-    )
                NaN    2           3        -3   # BR(h -> s       sb     )
                NaN    2           4        -4   # BR(h -> c       cb     )
                NaN    2           6        -6   # BR(h -> t       tb     )
                NaN    2          21        21   # BR(h -> g       g      )
                NaN    2          22        22   # BR(h -> gam     gam    )
                NaN    2          22        23   # BR(h -> Z       gam    )
                NaN    2          24       -24   # BR(h -> W+      W-     )
                NaN    2          23        23   # BR(h -> Z       Z      )
                NaN    2     1000024  -1000024   # BR(h -> ~chi_1+ ~chi_1-)
                NaN    2     1000037  -1000037   # BR(h -> ~chi_2+ ~chi_2-)
                NaN    2     1000024  -1000037   # BR(h -> ~chi_1+ ~chi_2-)
                NaN    2     1000037  -1000024   # BR(h -> ~chi_2+ ~chi_1-)
                NaN    2     1000022   1000022   # BR(h -> ~chi_10 ~chi_10)
                NaN    2     1000023   1000023   # BR(h -> ~chi_20 ~chi_20)
                NaN    2     1000025   1000025   # BR(h -> ~chi_30 ~chi_30)
                NaN    2     1000035   1000035   # BR(h -> ~chi_40 ~chi_40)
                NaN    2     1000022   1000023   # BR(h -> ~chi_10 ~chi_20)
                NaN    2     1000022   1000025   # BR(h -> ~chi_10 ~chi_30)
                NaN    2     1000022   1000035   # BR(h -> ~chi_10 ~chi_40)
                NaN    2     1000023   1000025   # BR(h -> ~chi_20 ~chi_30)
                NaN    2     1000023   1000035   # BR(h -> ~chi_20 ~chi_40)
                NaN    2     1000025   1000035   # BR(h -> ~chi_30 ~chi_40)
                NaN    2     1000002  -1000002   # BR(h -> ~u_L    ~u_L*  )
                NaN    2     2000002  -2000002   # BR(h -> ~u_R    ~u_R*  )
                NaN    2     1000004  -1000004   # BR(h -> ~c_L    ~c_L*  )
                NaN    2     2000004  -2000004   # BR(h -> ~c_R    ~c_R*  )
                NaN    2     1000006  -1000006   # BR(h -> ~t_1    ~t_1*  )
                NaN    2     2000006  -2000006   # BR(h -> ~t_2    ~t_2*  )
                NaN    2     1000006  -2000006   # BR(h -> ~t_1    ~t_2*  )
                NaN    2     2000006  -1000006   # BR(h -> ~t_2    ~t_1*  )
                NaN    2     1000001  -1000001   # BR(h -> ~d_L    ~d_L*  )
                NaN    2     2000001  -2000001   # BR(h -> ~d_R    ~d_R*  )
                NaN    2     1000003  -1000003   # BR(h -> ~s_L    ~s_L*  )
                NaN    2     2000003  -2000003   # BR(h -> ~s_R    ~s_R*  )
                NaN    2     1000005  -1000005   # BR(h -> ~b_1    ~b_1*  )
                NaN    2     2000005  -2000005   # BR(h -> ~b_2    ~b_2*  )
                NaN    2     1000005  -2000005   # BR(h -> ~b_1    ~b_2*  )
                NaN    2     2000005  -1000005   # BR(h -> ~b_2    ~b_1*  )
                NaN    2     1000011  -1000011   # BR(h -> ~e_L-   ~e_L+  )
                NaN    2     2000011  -2000011   # BR(h -> ~e_R-   ~e_R+  )
                NaN    2     1000013  -1000013   # BR(h -> ~mu_L-  ~mu_L+ )
                NaN    2     2000013  -2000013   # BR(h -> ~mu_R-  ~mu_R+ )
                NaN    2     1000015  -1000015   # BR(h -> ~tau_1- ~tau_1+)
                NaN    2     2000015  -2000015   # BR(h -> ~tau_2- ~tau_2+)
                NaN    2     1000015  -2000015   # BR(h -> ~tau_1- ~tau_2+)
                NaN    2     2000015  -1000015   # BR(h -> ~tau_2- ~tau_1+)
                NaN    2     1000012  -1000012   # BR(h -> ~nu_eL  ~nu_eL*   )
                NaN    2     1000014  -1000014   # BR(h -> ~nu_muL ~nu_muL*  )
                NaN    2     1000016  -1000016   # BR(h -> ~nu_tauL ~nu_tauL*)
#
#         PDG            Width
DECAY        35                NaN   # H decays
#          BR         NDA      ID1       ID2
                NaN    2           5        -5   # BR(H -> b       bb     )
                NaN    2         -15        15   # BR(H -> tau+    tau-   )
                NaN    2         -13        13   # BR(H -> mu+     mu-    )
                NaN    2           3        -3   # BR(H -> s       sb     )
                NaN    2           4        -4   # BR(H -> c       cb     )
                NaN    2           6        -6   # BR(H -> t       tb     )
                NaN    2          21        21   # BR(H -> g       g      )
                NaN    2          22        22   # BR(H -> gam     gam    )
                NaN    2          23        22   # BR(H -> Z       gam    )
                NaN    2          24       -24   # BR(H -> W+      W-     )
                NaN    2          23        23   # BR(H -> Z       Z      )
                NaN    2          25        25   # BR(H -> h       h      )
                NaN    2          36        36   # BR(H -> A       A      )
                NaN    2          23        36   # BR(H -> Z       A      )
                NaN    2          24       -37   # BR(H -> W+      H-     )
                NaN    2         -24        37   # BR(H -> W-      H+     )
                NaN    2     1000024  -1000024   # BR(H -> ~chi_1+ ~chi_1-)
                NaN    2     1000037  -1000037   # BR(H -> ~chi_2+ ~chi_2-)
                NaN    2     1000024  -1000037   # BR(H -> ~chi_1+ ~chi_2-)
                NaN    2     1000037  -1000024   # BR(H -> ~chi_2+ ~chi_1-)
                NaN    2     1000022   1000022   # BR(H -> ~chi_10 ~chi_10)
                NaN    2     1000023   1000023   # BR(H -> ~chi_20 ~chi_20)
                NaN    2     1000025   1000025   # BR(H -> ~chi_30 ~chi_30)
                NaN    2     1000035   1000035   # BR(H -> ~chi_40 ~chi_40)
                NaN    2     1000022   1000023   # BR(H -> ~chi_10 ~chi_20)
                NaN    2     1000022   1000025   # BR(H -> ~chi_10 ~chi_30)
                NaN    2     1000022   1000035   # BR(H -> ~chi_10 ~chi_40)
                NaN    2     1000023   1000025   # BR(H -> ~chi_20 ~chi_30)
                NaN    2     1000023   1000035   # BR(H -> ~chi_20 ~chi_40)
                NaN    2     1000025   1000035   # BR(H -> ~chi_30 ~chi_40)
                NaN    2     1000002  -1000002   # BR(H -> ~u_L    ~u_L*  )
                NaN    2     2000002  -2000002   # BR(H -> ~u_R    ~u_R*  )
                NaN    2     1000004  -1000004   # BR(H -> ~c_L    ~c_L*  )
                NaN    2     2000004  -2000004   # BR(H -> ~c_R    ~c_R*  )
                NaN    2     1000006  -1000006   # BR(H -> ~t_1    ~t_1*  )
                NaN    2     2000006  -2000006   # BR(H -> ~t_2    ~t_2*  )
                NaN    2     1000006  -2000006   # BR(H -> ~t_1    ~t_2*  )
                NaN    2     2000006  -1000006   # BR(H -> ~t_2    ~t_1*  )
                NaN    2     1000001  -1000001   # BR(H -> ~d_L    ~d_L*  )
                NaN    2     2000001  -2000001   # BR(H -> ~d_R    ~d_R*  )
                NaN    2     1000003  -1000003   # BR(H -> ~s_L    ~s_L*  )
                NaN    2     2000003  -2000003   # BR(H -> ~s_R    ~s_R*  )
                NaN    2     1000005  -1000005   # BR(H -> ~b_1    ~b_1*  )
                NaN    2     2000005  -2000005   # BR(H -> ~b_2    ~b_2*  )
                NaN    2     1000005  -2000005   # BR(H -> ~b_1    ~b_2*  )
                NaN    2     2000005  -1000005   # BR(H -> ~b_2    ~b_1*  )
                NaN    2     1000011  -1000011   # BR(H -> ~e_L-   ~e_L+  )
                NaN    2     2000011  -2000011   # BR(H -> ~e_R-   ~e_R+  )
                NaN    2     1000013  -1000013   # BR(H -> ~mu_L-  ~mu_L+ )
                NaN    2     2000013  -2000013   # BR(H -> ~mu_R-  ~mu_R+ )
                NaN    2     1000015  -1000015   # BR(H -> ~tau_1- ~tau_1+)
                NaN    2     2000015  -2000015   # BR(H -> ~tau_2- ~tau_2+)
                NaN    2     1000015  -2000015   # BR(H -> ~tau_1- ~tau_2+)
                NaN    2     2000015  -1000015   # BR(H -> ~tau_2- ~tau_1+)
                NaN    2     1000012  -1000012   # BR(H -> ~nu_eL  ~nu_eL*   )
                NaN    2     1000014  -1000014   # BR(H -> ~nu_muL ~nu_muL*  )
                NaN    2     1000016  -1000016   # BR(H -> ~nu_tauL ~nu_tauL*)
#
#         PDG            Width
DECAY        36     1.34940702E+02   # A decays
#          BR         NDA      ID1       ID2
     4.25806210E-01    2           5        -5   # BR(A -> b       bb     )
     8.10093113E-02    2         -15        15   # BR(A -> tau+    tau-   )
     2.86396755E-04    2         -13        13   # BR(A -> mu+     mu-    )
     3.09187713E-04    2           3        -3   # BR(A -> s       sb     )
     3.46488908E-08    2           4        -4   # BR(A -> c       cb     )
     3.49314539E-03    2           6        -6   # BR(A -> t       tb     )
     4.70674482E-06    2          21        21   # BR(A -> g       g      )
     1.78567394E-08    2          22        22   # BR(A -> gam     gam    )
     6.02025460E-09    2          23        22   # BR(A -> Z       gam    )
     5.18352491E-03    2          23        25   # BR(A -> Z       h      )
     5.50558156E-04    2     1000024  -1000024   # BR(A -> ~chi_1+ ~chi_1-)
     2.69699940E-05    2     1000037  -1000037   # BR(A -> ~chi_2+ ~chi_2-)
     1.45472712E-01    2     1000024  -1000037   # BR(A -> ~chi_1+ ~chi_2-)
     1.45472712E-01    2     1000037  -1000024   # BR(A -> ~chi_2+ ~chi_1-)
     2.12878455E-05    2     1000022   1000022   # BR(A -> ~chi_10 ~chi_10)
     2.74763656E-04    2     1000023   1000023   # BR(A -> ~chi_20 ~chi_20)
     2.73995042E-05    2     1000025   1000025   # BR(A -> ~chi_30 ~chi_30)
     8.13325516E-05    2     1000035   1000035   # BR(A -> ~chi_40 ~chi_40)
     1.50931367E-04    2     1000022   1000023   # BR(A -> ~chi_10 ~chi_20)
     2.36482484E-02    2     1000022   1000025   # BR(A -> ~chi_10 ~chi_30)
     2.29135239E-02    2     1000022   1000035   # BR(A -> ~chi_10 ~chi_40)
     6.26151041E-02    2     1000023   1000025   # BR(A -> ~chi_20 ~chi_30)
     8.26324461E-02    2     1000023   1000035   # BR(A -> ~chi_20 ~chi_40)
     1.94695126E-05    2     1000025   1000035   # BR(A -> ~chi_30 ~chi_40)
#
#         PDG            Width
DECAY        37     1.37514706E+02   # H+ decays
#          BR         NDA      ID1       ID2
     6.97601765E-04    2           4        -5   # BR(H+ -> c       bb     )
     7.94954478E-02    2         -15        16   # BR(H+ -> tau+    nu_tau )
     2.81044709E-04    2         -13        14   # BR(H+ -> mu+     nu_mu  )
     4.46465024E-06    2           2        -5   # BR(H+ -> u       bb     )
     1.45565247E-05    2           2        -3   # BR(H+ -> u       sb     )
     2.99424869E-04    2           4        -3   # BR(H+ -> c       sb     )
     4.39330651E-01    2           6        -5   # BR(H+ -> t       bb     )
     5.08738418E-03    2          24        25   # BR(H+ -> W+      h      )
     1.06825572E-17    2          24        36   # BR(H+ -> W+      A      )
     2.95390140E-04    2     1000024   1000022   # BR(H+ -> ~chi_1+ ~chi_10)
     2.72731068E-10    2     1000024   1000023   # BR(H+ -> ~chi_1+ ~chi_20)
     1.42867552E-01    2     1000024   1000025   # BR(H+ -> ~chi_1+ ~chi_30)
     1.42857115E-01    2     1000024   1000035   # BR(H+ -> ~chi_1+ ~chi_40)
     4.56117026E-02    2     1000037   1000022   # BR(H+ -> ~chi_2+ ~chi_10)
     1.43094403E-01    2     1000037   1000023   # BR(H+ -> ~chi_2+ ~chi_20)
     4.66424833E-05    2     1000037   1000025   # BR(H+ -> ~chi_2+ ~chi_30)
     1.66196073E-05    2     1000037   1000035   # BR(H+ -> ~chi_2+ ~chi_40)
