#
BLOCK DCINFO  # Decay Program information
     1   HDECAY      # decay calculator
     2   6.511       # version number
#
BLOCK SPINFO  # Spectrum calculator information
     1    SOFTSUSY    # spectrum calculator                
     2    3.5.2       # version number                     
#
BLOCK MODSEL  # Model selection
     1     0   # General MSSM
#
BLOCK SMINPUTS  # Standard Model inputs
         2     1.16637000E-05   # G_F [GeV^-2]
         3     1.17200000E-01   # alpha_S(M_Z)^MSbar
         4     9.11876000E+01   # M_Z pole mass
         5     4.25000000E+00   # mb(mb)^MSbar
         6     1.73200000E+02   # mt pole mass
         7     1.77700000E+00   # mtau pole mass
#
BLOCK MINPAR  # Input parameters - minimal models
         3     2.00000000E+01   # tanb                
         4    -1.00000000E+00   # sign(mu)            
#
BLOCK EXTPAR  # Input parameters - non-minimal models
         0     1.00000000E+15   # MX                  
         1     9.50000000E+02   # M_1(MX)             
         2     1.72500000E+03   # M_2(MX)             
         3     2.50000000E+03   # M_3(MX)             
        11     0.00000000E+00   # At(MX)              
        12     0.00000000E+00   # Ab(MX)              
        13     0.00000000E+00   # Atau(MX)            
        21     7.20000000E+07   # mHd^2(MX)           
        22     7.20000000E+07   # mHu^2(MX)           
        25     2.00000000E+01   # tan                 
        31     8.48528137E+03   # meL(MX)             
        32     8.48528137E+03   # mmuL(MX)            
        33     8.48528137E+03   # mtauL(MX)           
        34     1.03923049E+04   # meR(MX)             
        35     1.03923049E+04   # mmuR(MX)            
        36     1.03923049E+04   # mtauR(MX)           
        41     1.00000000E+04   # mqL1(MX)            
        42     1.00000000E+04   # mqL2(MX)            
        43     1.00000000E+04   # mqL3(MX)            
        44     1.00000000E+04   # muR(MX)             
        45     1.00000000E+04   # mcR(MX)             
        46     1.00000000E+04   # mtR(MX)             
        47     8.00000000E+03   # mdR(MX)             
        48     8.00000000E+03   # msR(MX)             
        49     8.00000000E+03   # mbR(MX)             
#
BLOCK MASS  # Mass Spectrum
# PDG code           mass       particle
        24     8.03916485E+01   # W+
        25     1.26055178E+02   # h
        35     8.30653675E+03   # H
        36     8.30651809E+03   # A
        37     8.30677624E+03   # H+
         5     4.90629596E+00   # b-quark pole mass calculated from mb(mb)_Msbar
   1000001     1.08725807E+04   # ~d_L
   2000001     8.97230005E+03   # ~d_R
   1000002     1.08725276E+04   # ~u_L
   2000002     1.08075170E+04   # ~u_R
   1000003     1.08725807E+04   # ~s_L
   2000003     8.97230005E+03   # ~s_R
   1000004     1.08725276E+04   # ~c_L
   2000004     1.08075170E+04   # ~c_R
   1000005     8.45715396E+03   # ~b_1
   2000005     9.19720309E+03   # ~b_2
   1000006     7.70015190E+03   # ~t_1
   2000006     9.19835431E+03   # ~t_2
   1000011     8.56449018E+03   # ~e_L
   2000011     1.04101304E+04   # ~e_R
   1000012     8.56377812E+03   # ~nu_eL
   1000013     8.56449018E+03   # ~mu_L
   2000013     1.04101304E+04   # ~mu_R
   1000014     8.56377812E+03   # ~nu_muL
   1000015     8.33583765E+03   # ~tau_1
   2000015     1.00307950E+04   # ~tau_2
   1000016     8.33516307E+03   # ~nu_tauL
   1000021     5.30373727E+03   # ~g
   1000022     4.69284123E+02   # ~chi_10
   1000023     1.51078478E+03   # ~chi_20
   1000025    -3.75456411E+03   # ~chi_30
   1000035     3.75518397E+03   # ~chi_40
   1000024     1.51094938E+03   # ~chi_1+
   1000037     3.75589968E+03   # ~chi_2+
#
BLOCK NMIX  # Neutralino Mixing Matrix
  1  1     9.99927276E-01   # N_11
  1  2    -3.47022715E-05   # N_12
  1  3    -1.20150903E-02   # N_13
  1  4    -1.03875932E-03   # N_14
  2  1     3.33814956E-04   # N_21
  2  2     9.99670706E-01   # N_22
  2  3     2.41424083E-02   # N_23
  2  4     8.68980828E-03   # N_24
  3  1    -7.75992995E-03   # N_31
  3  2     1.09293411E-02   # N_32
  3  3    -7.06966962E-01   # N_33
  3  4     7.07119543E-01   # N_34
  4  1     9.22576151E-03   # N_41
  4  2    -2.32169846E-02   # N_42
  4  3     7.06732267E-01   # N_43
  4  4     7.07039858E-01   # N_44
#
BLOCK UMIX  # Chargino Mixing Matrix U
  1  1     9.99416280E-01   # U_11
  1  2     3.41628250E-02   # U_12
  2  1    -3.41628250E-02   # U_21
  2  2     9.99416280E-01   # U_22
#
BLOCK VMIX  # Chargino Mixing Matrix V
  1  1     9.99923472E-01   # V_11
  1  2    -1.23713387E-02   # V_12
  2  1    -1.23713387E-02   # V_21
  2  2    -9.99923472E-01   # V_22
#
BLOCK STOPMIX  # Stop Mixing Matrix
  1  1     9.82577787E-03   # cos(theta_t)
  1  2     9.99951726E-01   # sin(theta_t)
  2  1    -9.99951726E-01   # -sin(theta_t)
  2  2     9.82577787E-03   # cos(theta_t)
#
BLOCK SBOTMIX  # Sbottom Mixing Matrix
  1  1    -7.65155431E-03   # cos(theta_b)
  1  2     9.99970726E-01   # sin(theta_b)
  2  1    -9.99970726E-01   # -sin(theta_b)
  2  2    -7.65155431E-03   # cos(theta_b)
#
BLOCK STAUMIX  # Stau Mixing Matrix
  1  1     9.99987642E-01   # cos(theta_tau)
  1  2    -4.97154818E-03   # sin(theta_tau)
  2  1     4.97154818E-03   # -sin(theta_tau)
  2  2     9.99987642E-01   # cos(theta_tau)
#
BLOCK ALPHA  # Higgs mixing
          -4.15925244E-02   # Mixing angle in the neutral Higgs boson sector
#
BLOCK HMIX Q=   9.11876000E+01  # DRbar Higgs Parameters
         1    -3.57883421E+03   # mu(Q)
         2     2.51991736E+01   # tanbeta(Q)
#
BLOCK VCKMIN  # CKM mixing
         1     2.25340000E-01   # lambda
         2     8.11373158E-01   # A
         3     1.36480850E-01   # rhobar
         4     3.52575528E-01   # etabar
#
BLOCK GAUGE Q=  9.11876000E+01  # The gauge couplings
     1     3.51974916E-01   # gprime(Q) DRbar
     2     6.25475657E-01   # g(Q) DRbar
#
BLOCK AU Q=  9.11876000E+01  # The trilinear couplings
  1  1    -3.99239149E+03   # A_u(Q) DRbar
  2  2    -3.99239149E+03   # A_c(Q) DRbar
  3  3    -3.99239149E+03   # A_t(Q) DRbar
#
BLOCK AD Q=  9.11876000E+01  # The trilinear couplings
  1  1    -5.50877039E+03   # A_d(Q) DRbar
  2  2    -5.50877039E+03   # A_s(Q) DRbar
  3  3    -5.50877039E+03   # A_b(Q) DRbar
#
BLOCK AE Q=  9.11876000E+01  # The trilinear couplings
  1  1    -6.17494808E+02   # A_e(Q) DRbar
  2  2    -6.17494808E+02   # A_mu(Q) DRbar
  3  3    -6.17494808E+02   # A_tau(Q) DRbar
#
BLOCK MSOFT Q=  1.00000000E+15  # The soft SUSY breaking masses at the scale Q
         1     4.27167406E+02   # M_1(Q)              
         2     1.35616414E+03   # M_2(Q)              
         3     5.48046322E+03   # M_3(Q)              
        21     4.92925559E+07   # mH1^2(Q)            
        22    -2.83198513E+07   # mH2^2(Q)            
        31     8.55540949E+03   # meL(Q)              
        32     8.55449298E+03   # mmuL(Q)             
        33     8.28652430E+03   # mtauL(Q)            
        34     1.03988564E+04   # meR(Q)              
        35     1.03973483E+04   # mmuR(Q)             
        36     9.95384957E+03   # mtauR(Q)            
        41     1.11129920E+04   # mqL1(Q)             
        42     1.11128293E+04   # mqL2(Q)             
        43     9.18610175E+03   # mqL3(Q)             
        44     1.10619438E+04   # muR(Q)              
        45     1.10618905E+04   # mcR(Q)              
        46     7.49146017E+03   # mtR(Q)              
        47     9.29191580E+03   # mdR(Q)              
        48     9.29159003E+03   # msR(Q)              
        49     8.62299679E+03   # mbR(Q)              
#
#         PDG            Width
DECAY        25     3.63213952E-03   # h decays
#          BR         NDA      ID1       ID2
     5.04149625E-01    2           5        -5   # BR(h -> b       bb     )
     7.89034952E-02    2         -15        15   # BR(h -> tau+    tau-   )
     2.79293768E-04    2         -13        13   # BR(h -> mu+     mu-    )
     2.81502556E-04    2           3        -3   # BR(h -> s       sb     )
     3.29643498E-02    2           4        -4   # BR(h -> c       cb     )
     8.67326810E-02    2          21        21   # BR(h -> g       g      )
     2.69097637E-03    2          22        22   # BR(h -> gam     gam    )
     1.88961563E-03    2          22        23   # BR(h -> Z       gam    )
     2.59212081E-01    2          24       -24   # BR(h -> W+      W-     )
     3.28963791E-02    2          23        23   # BR(h -> Z       Z      )
#
#         PDG            Width
DECAY        35     1.39059511E+02   # H decays
#          BR         NDA      ID1       ID2
     4.42613511E-01    2           5        -5   # BR(H -> b       bb     )
     7.66343223E-02    2         -15        15   # BR(H -> tau+    tau-   )
     2.71145152E-04    2         -13        13   # BR(H -> mu+     mu-    )
     1.54316874E-04    2           3        -3   # BR(H -> s       sb     )
     5.15602575E-08    2           4        -4   # BR(H -> c       cb     )
     3.69058235E-03    2           6        -6   # BR(H -> t       tb     )
     5.00432554E-07    2          21        21   # BR(H -> g       g      )
     9.22647682E-09    2          22        22   # BR(H -> gam     gam    )
     3.42305911E-09    2          23        22   # BR(H -> Z       gam    )
     4.94967151E-03    2          24       -24   # BR(H -> W+      W-     )
     2.47215099E-03    2          23        23   # BR(H -> Z       Z      )
     1.03120581E-06    2          25        25   # BR(H -> h       h      )
    -3.63165968E-25    2          36        36   # BR(H -> A       A      )
    -5.55565649E-21    2          23        36   # BR(H -> Z       A      )
     4.91559274E-04    2     1000024  -1000024   # BR(H -> ~chi_1+ ~chi_1-)
     7.47667307E-06    2     1000037  -1000037   # BR(H -> ~chi_2+ ~chi_2-)
     1.41078228E-01    2     1000024  -1000037   # BR(H -> ~chi_1+ ~chi_2-)
     1.41078228E-01    2     1000037  -1000024   # BR(H -> ~chi_2+ ~chi_1-)
     2.06790749E-05    2     1000022   1000022   # BR(H -> ~chi_10 ~chi_10)
     2.45247656E-04    2     1000023   1000023   # BR(H -> ~chi_20 ~chi_20)
     4.12868058E-06    2     1000025   1000025   # BR(H -> ~chi_30 ~chi_30)
     1.69452716E-05    2     1000035   1000035   # BR(H -> ~chi_40 ~chi_40)
     1.45627356E-04    2     1000022   1000023   # BR(H -> ~chi_10 ~chi_20)
     2.21795344E-02    2     1000022   1000025   # BR(H -> ~chi_10 ~chi_30)
     2.29919742E-02    2     1000022   1000035   # BR(H -> ~chi_10 ~chi_40)
     7.99870231E-02    2     1000023   1000025   # BR(H -> ~chi_20 ~chi_30)
     6.08675911E-02    2     1000023   1000035   # BR(H -> ~chi_20 ~chi_40)
     9.84621855E-05    2     1000025   1000035   # BR(H -> ~chi_30 ~chi_40)
#
#         PDG            Width
DECAY        36     1.38743474E+02   # A decays
#          BR         NDA      ID1       ID2
     4.43694356E-01    2           5        -5   # BR(A -> b       bb     )
     7.68209251E-02    2         -15        15   # BR(A -> tau+    tau-   )
     2.71805318E-04    2         -13        13   # BR(A -> mu+     mu-    )
     1.54708601E-04    2           3        -3   # BR(A -> s       sb     )
     4.74204991E-08    2           4        -4   # BR(A -> c       cb     )
     3.36727620E-03    2           6        -6   # BR(A -> t       tb     )
     5.21540362E-06    2          21        21   # BR(A -> g       g      )
     1.49599040E-09    2          22        22   # BR(A -> gam     gam    )
     6.35374885E-09    2          23        22   # BR(A -> Z       gam    )
     5.04145147E-03    2          23        25   # BR(A -> Z       h      )
     5.35468098E-04    2     1000024  -1000024   # BR(A -> ~chi_1+ ~chi_1-)
     2.62307828E-05    2     1000037  -1000037   # BR(A -> ~chi_2+ ~chi_2-)
     1.41485501E-01    2     1000024  -1000037   # BR(A -> ~chi_1+ ~chi_2-)
     1.41485501E-01    2     1000037  -1000024   # BR(A -> ~chi_2+ ~chi_1-)
     2.07043743E-05    2     1000022   1000022   # BR(A -> ~chi_10 ~chi_10)
     2.67232754E-04    2     1000023   1000023   # BR(A -> ~chi_20 ~chi_20)
     2.66485207E-05    2     1000025   1000025   # BR(A -> ~chi_30 ~chi_30)
     7.91033359E-05    2     1000035   1000035   # BR(A -> ~chi_40 ~chi_40)
     1.46794541E-04    2     1000022   1000023   # BR(A -> ~chi_10 ~chi_20)
     2.30000818E-02    2     1000022   1000025   # BR(A -> ~chi_10 ~chi_30)
     2.22854951E-02    2     1000022   1000035   # BR(A -> ~chi_10 ~chi_40)
     6.08989084E-02    2     1000023   1000025   # BR(A -> ~chi_20 ~chi_30)
     8.03676021E-02    2     1000023   1000035   # BR(A -> ~chi_20 ~chi_40)
     1.89358795E-05    2     1000025   1000035   # BR(A -> ~chi_30 ~chi_40)
#
#         PDG            Width
DECAY        37     1.36358662E+02   # H+ decays
#          BR         NDA      ID1       ID2
     7.37222106E-04    2           4        -5   # BR(H+ -> c       bb     )
     7.81668954E-02    2         -15        16   # BR(H+ -> tau+    nu_tau )
     2.76567586E-04    2         -13        14   # BR(H+ -> mu+     nu_mu  )
     5.35078699E-06    2           2        -5   # BR(H+ -> u       bb     )
     7.88913359E-06    2           2        -3   # BR(H+ -> u       sb     )
     3.02645458E-07    2           4        -1   # BR(H+ -> c       db     )
     1.47265415E-04    2           4        -3   # BR(H+ -> c       sb     )
     4.36707295E-01    2           6        -5   # BR(H+ -> t       bb     )
     5.77152707E-06    2           6        -3   # BR(H+ -> t       sb     )
     2.54133604E-07    2           6        -1   # BR(H+ -> t       db     )
     5.13051483E-03    2          24        25   # BR(H+ -> W+      h      )
     1.07731235E-17    2          24        36   # BR(H+ -> W+      A      )
     2.97894446E-04    2     1000024   1000022   # BR(H+ -> ~chi_1+ ~chi_10)
     2.75043271E-10    2     1000024   1000023   # BR(H+ -> ~chi_1+ ~chi_20)
     1.44078777E-01    2     1000024   1000025   # BR(H+ -> ~chi_1+ ~chi_30)
     1.44068252E-01    2     1000024   1000035   # BR(H+ -> ~chi_1+ ~chi_40)
     4.59983969E-02    2     1000037   1000022   # BR(H+ -> ~chi_2+ ~chi_10)
     1.44307552E-01    2     1000037   1000023   # BR(H+ -> ~chi_2+ ~chi_20)
     4.70379165E-05    2     1000037   1000025   # BR(H+ -> ~chi_2+ ~chi_30)
     1.67605077E-05    2     1000037   1000035   # BR(H+ -> ~chi_2+ ~chi_40)
#
#         PDG            Width
DECAY         6     1.33671131E+00   # top decays
#          BR         NDA      ID1       ID2
     1.00000000E+00    2           5        24   # BR(t -> b       W+    )
